<?xml version="1.0" encoding="UTF-8"?>
<!-- Generated by org.testng.reporters.JUnitReportReporter -->
<testsuite hostname="robi" failures="0" tests="1" name="com.example.magento.tests.SearchTest" time="4.603" errors="0" timestamp="2025-02-14T18:18:59 BDT" skipped="0">
  <testcase classname="com.example.magento.tests.SearchTest" name="testSearchFunctionality" time="4.603"/>
</testsuite> <!-- com.example.magento.tests.SearchTest -->
