<?xml version="1.0" encoding="UTF-8"?>
<!-- Generated by org.testng.reporters.JUnitReportReporter -->
<testsuite hostname="robi" failures="0" tests="1" name="com.example.magento.tests.CartTest" time="6.839" errors="0" timestamp="2025-02-14T18:18:59 BDT" skipped="0">
  <testcase classname="com.example.magento.tests.CartTest" name="testAddToCartAndRemoveFromCart" time="6.839"/>
</testsuite> <!-- com.example.magento.tests.CartTest -->
